c:\users\simon\documents\interactive 3d\scum_engine\vs\x64\debug\vc142.pdb
c:\users\simon\documents\interactive 3d\scum_engine\vs\x64\debug\vc142.idb
c:\users\simon\documents\interactive 3d\scum_engine\vs\x64\debug\engine.obj
c:\users\simon\documents\interactive 3d\scum_engine\vs\x64\debug\assignment1.obj
c:\users\simon\documents\interactive 3d\scum_engine\vs\\..\i3d64dbg.pdb
c:\users\simon\documents\interactive 3d\scum_engine\vs\x64\debug\i3d.tlog\cl.command.1.tlog
c:\users\simon\documents\interactive 3d\scum_engine\vs\x64\debug\i3d.tlog\cl.read.1.tlog
c:\users\simon\documents\interactive 3d\scum_engine\vs\x64\debug\i3d.tlog\cl.write.1.tlog
c:\users\simon\documents\interactive 3d\scum_engine\vs\x64\debug\i3d.tlog\link-cvtres.read.1.tlog
c:\users\simon\documents\interactive 3d\scum_engine\vs\x64\debug\i3d.tlog\link-cvtres.write.1.tlog
c:\users\simon\documents\interactive 3d\scum_engine\vs\x64\debug\i3d.tlog\link-rc.read.1.tlog
c:\users\simon\documents\interactive 3d\scum_engine\vs\x64\debug\i3d.tlog\link-rc.write.1.tlog
c:\users\simon\documents\interactive 3d\scum_engine\vs\x64\debug\i3d.tlog\link.14612-cvtres.read.1.tlog
c:\users\simon\documents\interactive 3d\scum_engine\vs\x64\debug\i3d.tlog\link.14612-cvtres.write.1.tlog
c:\users\simon\documents\interactive 3d\scum_engine\vs\x64\debug\i3d.tlog\link.14612-rc.read.1.tlog
c:\users\simon\documents\interactive 3d\scum_engine\vs\x64\debug\i3d.tlog\link.14612-rc.write.1.tlog
c:\users\simon\documents\interactive 3d\scum_engine\vs\x64\debug\i3d.tlog\link.14612.read.1.tlog
c:\users\simon\documents\interactive 3d\scum_engine\vs\x64\debug\i3d.tlog\link.14612.write.1.tlog
c:\users\simon\documents\interactive 3d\scum_engine\vs\x64\debug\i3d.tlog\link.command.1.tlog
c:\users\simon\documents\interactive 3d\scum_engine\vs\x64\debug\i3d.tlog\link.read.1.tlog
c:\users\simon\documents\interactive 3d\scum_engine\vs\x64\debug\i3d.tlog\link.write.1.tlog
